This is pdfTeX, Version 3.14159265-2.6-1.40.18 (TeX Live 2017/Debian) (preloaded format=pdflatex 2021.1.7)  28 AUG 2021 15:23
entering extended mode
 restricted \write18 enabled.
 %&-line parsing enabled.
**DissertationPackageToying.tex
(/home/jim/Documents/Dissertation/JHDissertation/DissertationPackageToying.tex
LaTeX2e <2017-04-15>
Babel <3.18> and hyphenation patterns for 84 language(s) loaded.
(/usr/share/texmf/tex/latex/revtex/revtex4-2.cls
Document Class: revtex4-2 2020/10/03 4.2e (https://journals.aps.org/revtex/ for
 documentation)
 Copyright (c) 2019 American Physical Society.
 mailto:revtex@aps.org
 Licensed under the LPPL:
http://www.ctan.org/tex-archive/macros/latex/base/lppl.txt
 Arthur Ogawa <arthur_ogawa at sbcglobal dot net>
 Based on work by David Carlisle <david at dcarlisle.demon.co.uk>
 Version (4.2d,4.2e): Modified by Mark Doyle and Phelype Oleinik
 .
ltxutil[2020/10/03 4.2e utilities package (portions licensed from W. E. Baxter 
web at superscript.com)]
LaTeX Info: Redefining \@centercr on input line 356.
Class revtex4-2 Info: Repairing broken LaTeX eqnarray on input line 406.
\eqncolsep=\skip41
Class revtex4-2 Info: Repairing hyperref-unfriendly LaTeX definition of \mpfoot
note on input line 481.
Class revtex4-2 Info: Repairing broken LateX \@sect on input line 803.
\intertabularlinepenalty=\count79
\@tbpen=\count80
\@arstrutbox@hline=\box26
Class revtex4-2 Info: Repairing broken LaTeX \@xbitor on input line 1834.
Class revtex4-2 Info: Making \typeout \long on input line 2099.
ltxfront[2020/10/03 4.2e frontmatter package (AO,DPC,MD)]
\c@affil=\count81
\c@collab=\count82
\absbox=\box27
ltxgrid[2020/10/03 4.2e page grid package (portions licensed from W. E. Baxter 
web at superscript.com)]
\c@linecount=\count83
\output@latex=\toks14
\box@size@1=\box28
\box@size@2=\box29
\@protection@box=\box30
\@topmark@saved=\toks15
\footins@saved=\box31
\footins@recovered=\box32
\column@recovered=\box33
\pagesofar=\box34
\footsofar=\box35
\pagegrid@col=\count84
Class revtex4-2 Info: Overriding \@vspace, \@vspacer, \@no@pgbk, \@newline, and
 \\  on input line 5665.
\c@part=\count85
\c@section=\count86
\c@subsection=\count87
\c@subsubsection=\count88
\c@paragraph=\count89
\c@subparagraph=\count90
\abovecaptionskip=\skip42
\belowcaptionskip=\skip43
\c@figure=\count91
\fbox@1=\box36
\c@table=\count92
\fbox@2=\box37
\c@video=\count93
\fbox@4=\box38
\@bibdataout=\write3
\widetext@top=\box39
\widetext@bot=\box40
Class revtex4-2 Info: Selecting society aip on input line 7658.
(/usr/share/texmf/tex/latex/revtex/aip4-2.rtx
File: aip4-2.rtx 2020/10/03 4.2e AIP substyle for REVTeX
Class revtex4-2 Info: RevTeX society AIP selected on input line 88.
)
Class revtex4-2 Info: Selecting journal jap on input line 7660.

Using journal substyle jap.
Class revtex4-2 Info: Reading file aps10pt4-2.rtx on input line 7663.
(/usr/share/texmf/tex/latex/revtex/aps10pt4-2.rtx
File: aps10pt4-2 2020/10/03 4.2e (https://journals.aps.org/revtex/ for document
ation)
Class revtex4-2 Info: RevTeX pointsize 10pt selected on input line 39.
)
Class revtex4-2 Info: Overriding 10pt on input line 7663.

(/usr/share/texlive/texmf-dist/tex/latex/textcase/textcase.sty
Package: textcase 2004/10/07 v0.07 Text only upper/lower case changing (DPC)
)
(/usr/share/texlive/texmf-dist/tex/latex/amsfonts/amssymb.sty
Package: amssymb 2013/01/14 v3.01 AMS font symbols

(/usr/share/texlive/texmf-dist/tex/latex/amsfonts/amsfonts.sty
Package: amsfonts 2013/01/14 v3.01 Basic AMSFonts support
\@emptytoks=\toks16
\symAMSa=\mathgroup4
\symAMSb=\mathgroup5
LaTeX Font Info:    Overwriting math alphabet `\mathfrak' in version `bold'
(Font)                  U/euf/m/n --> U/euf/b/n on input line 106.
))
(/usr/share/texlive/texmf-dist/tex/latex/amsmath/amsmath.sty
Package: amsmath 2017/09/02 v2.17a AMS math features
\@mathmargin=\skip44

For additional information on amsmath, use the `?' option.
(/usr/share/texlive/texmf-dist/tex/latex/amsmath/amstext.sty
Package: amstext 2000/06/29 v2.01 AMS text

(/usr/share/texlive/texmf-dist/tex/latex/amsmath/amsgen.sty
File: amsgen.sty 1999/11/30 v2.0 generic functions
\@emptytoks=\toks17
\ex@=\dimen102
)
LaTeX Info: Redefining \text on input line 28.
)
(/usr/share/texlive/texmf-dist/tex/latex/amsmath/amsbsy.sty
Package: amsbsy 1999/11/29 v1.2d Bold Symbols
\pmbraise@=\dimen103
)
(/usr/share/texlive/texmf-dist/tex/latex/amsmath/amsopn.sty
Package: amsopn 2016/03/08 v2.02 operator names
)
\inf@bad=\count94
LaTeX Info: Redefining \frac on input line 213.
\uproot@=\count95
\leftroot@=\count96
LaTeX Info: Redefining \overline on input line 375.
\classnum@=\count97
\DOTSCASE@=\count98
LaTeX Info: Redefining \ldots on input line 472.
LaTeX Info: Redefining \dots on input line 475.
LaTeX Info: Redefining \cdots on input line 596.
\Mathstrutbox@=\box41
\strutbox@=\box42
\big@size=\dimen104
LaTeX Font Info:    Redeclaring font encoding OML on input line 712.
LaTeX Font Info:    Redeclaring font encoding OMS on input line 713.
\macc@depth=\count99
\c@MaxMatrixCols=\count100
\dotsspace@=\muskip10
\c@parentequation=\count101
\dspbrk@lvl=\count102
\tag@help=\toks18
\row@=\count103
\column@=\count104
\maxfields@=\count105
\andhelp@=\toks19
\eqnshift@=\dimen105
\alignsep@=\dimen106
\tagshift@=\dimen107
\tagwidth@=\dimen108
\totwidth@=\dimen109
\lineht@=\dimen110
\@envbody=\toks20
\multlinegap=\skip45
\multlinetaggap=\skip46
\mathdisplay@stack=\toks21
LaTeX Info: Redefining \[ on input line 2817.
LaTeX Info: Redefining \] on input line 2818.
)
(/usr/share/texlive/texmf-dist/tex/latex/url/url.sty
\Urlmuskip=\muskip11
Package: url 2013/09/16  ver 3.4  Verb mode for urls, etc.
)
(/home/jim/Documents/Dissertation/JHDissertation/natbib.sty
Package: natbib 1998/07/14 6.8c (PWD)
\bibhang=\skip47
\bibsep=\skip48
LaTeX Info: Redefining \cite on input line 467.
\c@NAT@ctr=\count106
)

LaTeX Warning: You have requested, on input line 7665, version
               `2009/11/07 8.31a (PWD, AO)' of package natbib,
               but only version
               `1998/07/14 6.8c (PWD)'
               is available.

(/usr/share/texmf/tex/latex/revtex/revsymb4-2.sty
Package: revsymb4-2 2020/10/03 4.2e (https://journals.aps.org/revtex/ for docum
entation)
LaTeX Info: Redefining \frak on input line 104.
LaTeX Info: Redefining \Bbb on input line 120.
LaTeX Info: Redefining \REV@mathfrak on input line 128.
))
(/usr/share/texlive/texmf-dist/tex/latex/graphics/graphicx.sty
Package: graphicx 2017/06/01 v1.1a Enhanced LaTeX Graphics (DPC,SPQR)

(/usr/share/texlive/texmf-dist/tex/latex/graphics/keyval.sty
Package: keyval 2014/10/28 v1.15 key=value parser (DPC)
\KV@toks@=\toks22
)
(/usr/share/texlive/texmf-dist/tex/latex/graphics/graphics.sty
Package: graphics 2017/06/25 v1.2c Standard LaTeX Graphics (DPC,SPQR)

(/usr/share/texlive/texmf-dist/tex/latex/graphics/trig.sty
Package: trig 2016/01/03 v1.10 sin cos tan (DPC)
)
(/usr/share/texlive/texmf-dist/tex/latex/graphics-cfg/graphics.cfg
File: graphics.cfg 2016/06/04 v1.11 sample graphics configuration
)
Package graphics Info: Driver file: pdftex.def on input line 99.

(/usr/share/texlive/texmf-dist/tex/latex/graphics-def/pdftex.def
File: pdftex.def 2018/01/08 v1.0l Graphics/color driver for pdftex
))
\Gin@req@height=\dimen111
\Gin@req@width=\dimen112
)
(/usr/share/texlive/texmf-dist/tex/latex/tools/dcolumn.sty
Package: dcolumn 2014/10/28 v1.06 decimal alignment package (DPC)

(/usr/share/texlive/texmf-dist/tex/latex/tools/array.sty
Package: array 2016/10/06 v2.4d Tabular extension package (FMi)
\col@sep=\dimen113
\extrarowheight=\dimen114
\NC@list=\toks23
\extratabsurround=\skip49
\backup@length=\skip50
))
(/usr/share/texlive/texmf-dist/tex/latex/tools/bm.sty
Package: bm 2017/01/16 v1.2c Bold Symbol Support (DPC/FMi)
\symboldoperators=\mathgroup6
\symboldletters=\mathgroup7
\symboldsymbols=\mathgroup8
LaTeX Font Info:    Redeclaring math alphabet \mathbf on input line 141.
LaTeX Info: Redefining \bm on input line 207.
)
(/usr/share/texlive/texmf-dist/tex/latex/siunitx/siunitx.sty
(/usr/share/texlive/texmf-dist/tex/latex/l3kernel/expl3.sty
Package: expl3 2018/02/21 L3 programming layer (loader) 

(/usr/share/texlive/texmf-dist/tex/latex/l3kernel/expl3-code.tex
Package: expl3 2018/02/21 L3 programming layer (code)
\c_max_int=\count107
\l_tmpa_int=\count108
\l_tmpb_int=\count109
\g_tmpa_int=\count110
\g_tmpb_int=\count111
\g__intarray_font_int=\count112
\g__prg_map_int=\count113
\c_log_iow=\count114
\l_iow_line_count_int=\count115
\l__iow_line_target_int=\count116
\l__iow_one_indent_int=\count117
\l__iow_indent_int=\count118
\c_zero_dim=\dimen115
\c_max_dim=\dimen116
\l_tmpa_dim=\dimen117
\l_tmpb_dim=\dimen118
\g_tmpa_dim=\dimen119
\g_tmpb_dim=\dimen120
\c_zero_skip=\skip51
\c_max_skip=\skip52
\l_tmpa_skip=\skip53
\l_tmpb_skip=\skip54
\g_tmpa_skip=\skip55
\g_tmpb_skip=\skip56
\c_zero_muskip=\muskip12
\c_max_muskip=\muskip13
\l_tmpa_muskip=\muskip14
\l_tmpb_muskip=\muskip15
\g_tmpa_muskip=\muskip16
\g_tmpb_muskip=\muskip17
\l_keys_choice_int=\count119
\c__fp_leading_shift_int=\count120
\c__fp_middle_shift_int=\count121
\c__fp_trailing_shift_int=\count122
\c__fp_big_leading_shift_int=\count123
\c__fp_big_middle_shift_int=\count124
\c__fp_big_trailing_shift_int=\count125
\c__fp_Bigg_leading_shift_int=\count126
\c__fp_Bigg_middle_shift_int=\count127
\c__fp_Bigg_trailing_shift_int=\count128
\c__fp_rand_size_int=\count129
\c__fp_rand_four_int=\count130
\c__fp_rand_eight_int=\count131
\l__sort_length_int=\count132
\l__sort_min_int=\count133
\l__sort_top_int=\count134
\l__sort_max_int=\count135
\l__sort_true_max_int=\count136
\l__sort_block_int=\count137
\l__sort_begin_int=\count138
\l__sort_end_int=\count139
\l__sort_A_int=\count140
\l__sort_B_int=\count141
\l__sort_C_int=\count142
\l__tl_build_start_index_int=\count143
\l__tl_build_index_int=\count144
\l__tl_analysis_normal_int=\count145
\l__tl_analysis_index_int=\count146
\l__tl_analysis_nesting_int=\count147
\l__tl_analysis_type_int=\count148
\l__regex_internal_a_int=\count149
\l__regex_internal_b_int=\count150
\l__regex_internal_c_int=\count151
\l__regex_balance_int=\count152
\l__regex_group_level_int=\count153
\l__regex_mode_int=\count154
\c__regex_cs_in_class_mode_int=\count155
\c__regex_cs_mode_int=\count156
\l__regex_catcodes_int=\count157
\l__regex_default_catcodes_int=\count158
\c__regex_catcode_D_int=\count159
\c__regex_catcode_S_int=\count160
\c__regex_catcode_L_int=\count161
\c__regex_catcode_O_int=\count162
\c__regex_catcode_A_int=\count163
\c__regex_all_catcodes_int=\count164
\l__regex_show_lines_int=\count165
\l__regex_min_state_int=\count166
\l__regex_max_state_int=\count167
\l__regex_left_state_int=\count168
\l__regex_right_state_int=\count169
\l__regex_capturing_group_int=\count170
\l__regex_min_pos_int=\count171
\l__regex_max_pos_int=\count172
\l__regex_curr_pos_int=\count173
\l__regex_start_pos_int=\count174
\l__regex_success_pos_int=\count175
\l__regex_curr_char_int=\count176
\l__regex_curr_catcode_int=\count177
\l__regex_last_char_int=\count178
\l__regex_case_changed_char_int=\count179
\l__regex_curr_state_int=\count180
\l__regex_step_int=\count181
\l__regex_min_active_int=\count182
\l__regex_max_active_int=\count183
\l__regex_replacement_csnames_int=\count184
\l__regex_match_count_int=\count185
\l__regex_min_submatch_int=\count186
\l__regex_submatch_int=\count187
\l__regex_zeroth_submatch_int=\count188
\g__regex_trace_regex_int=\count189
\c_empty_box=\box43
\l_tmpa_box=\box44
\l_tmpb_box=\box45
\g_tmpa_box=\box46
\g_tmpb_box=\box47
\l__box_top_dim=\dimen121
\l__box_bottom_dim=\dimen122
\l__box_left_dim=\dimen123
\l__box_right_dim=\dimen124
\l__box_top_new_dim=\dimen125
\l__box_bottom_new_dim=\dimen126
\l__box_left_new_dim=\dimen127
\l__box_right_new_dim=\dimen128
\l__box_internal_box=\box48
\l__coffin_internal_box=\box49
\l__coffin_internal_dim=\dimen129
\l__coffin_offset_x_dim=\dimen130
\l__coffin_offset_y_dim=\dimen131
\l__coffin_x_dim=\dimen132
\l__coffin_y_dim=\dimen133
\l__coffin_x_prime_dim=\dimen134
\l__coffin_y_prime_dim=\dimen135
\c_empty_coffin=\box50
\l__coffin_aligned_coffin=\box51
\l__coffin_aligned_internal_coffin=\box52
\l_tmpa_coffin=\box53
\l_tmpb_coffin=\box54
\l__coffin_display_coffin=\box55
\l__coffin_display_coord_coffin=\box56
\l__coffin_display_pole_coffin=\box57
\l__coffin_display_offset_dim=\dimen136
\l__coffin_display_x_dim=\dimen137
\l__coffin_display_y_dim=\dimen138
\l__coffin_bounding_shift_dim=\dimen139
\l__coffin_left_corner_dim=\dimen140
\l__coffin_right_corner_dim=\dimen141
\l__coffin_bottom_corner_dim=\dimen142
\l__coffin_top_corner_dim=\dimen143
\l__coffin_scaled_total_height_dim=\dimen144
\l__coffin_scaled_width_dim=\dimen145
)
(/usr/share/texlive/texmf-dist/tex/latex/l3kernel/l3pdfmode.def
File: l3pdfmode.def 2017/03/18 v L3 Experimental driver: PDF mode
\l__driver_color_stack_int=\count190
\l__driver_tmp_box=\box58
))
(/usr/share/texlive/texmf-dist/tex/latex/l3packages/xparse/xparse.sty
Package: xparse 2018/02/21 L3 Experimental document command parser
\l__xparse_current_arg_int=\count191
\g__xparse_grabber_int=\count192
\l__xparse_m_args_int=\count193
\l__xparse_mandatory_args_int=\count194
\l__xparse_v_nesting_int=\count195
)
Package: siunitx 2017/11/26 v2.7k A comprehensive (SI) units package

(/usr/share/texlive/texmf-dist/tex/latex/l3packages/l3keys2e/l3keys2e.sty
Package: l3keys2e 2018/02/21 LaTeX2e option processing using LaTeX3 keys
)
\l__siunitx_tmp_box=\box59
\l__siunitx_tmp_dim=\dimen146
\l__siunitx_tmp_int=\count196
\l__siunitx_number_mantissa_length_int=\count197
\l__siunitx_number_uncert_length_int=\count198
\l__siunitx_round_int=\count199
\l__siunitx_process_decimal_int=\count266
\l__siunitx_process_uncertainty_int=\count267
\l__siunitx_process_fixed_int=\count268
\l__siunitx_process_integer_min_int=\count269
\l__siunitx_process_precision_int=\count270
\l__siunitx_group_min_int=\count271
\l__siunitx_angle_marker_box=\box60
\l__siunitx_angle_unit_box=\box61
\l__siunitx_angle_marker_dim=\dimen147
\l__siunitx_angle_unit_dim=\dimen148
\l__siunitx_unit_int=\count272
\l__siunitx_unit_denominator_int=\count273
\l__siunitx_unit_numerator_int=\count274
\l__siunitx_unit_prefix_int=\count275
\l__siunitx_unit_prefix_base_int=\count276
\l__siunitx_unit_prefix_gram_int=\count277
\l__siunitx_number_product_int=\count278
\c__siunitx_one_fill_skip=\skip57
\l__siunitx_table_unit_align_skip=\skip58
\l__siunitx_table_exponent_dim=\dimen149
\l__siunitx_table_integer_dim=\dimen150
\l__siunitx_table_mantissa_dim=\dimen151
\l__siunitx_table_marker_dim=\dimen152
\l__siunitx_table_result_dim=\dimen153
\l__siunitx_table_uncert_dim=\dimen154
\l__siunitx_table_fill_pre_dim=\dimen155
\l__siunitx_table_fill_post_dim=\dimen156
\l__siunitx_table_fill_mid_dim=\dimen157
\l__siunitx_table_pre_box=\box62
\l__siunitx_table_post_box=\box63
\l__siunitx_table_mantissa_box=\box64
\l__siunitx_table_result_box=\box65
\l__siunitx_table_number_align_skip=\skip59
\l__siunitx_table_text_align_skip=\skip60
.................................................
. LaTeX info: "xparse/define-command"
. 
. Defining command \DeclareBinaryPrefix with sig. 'mmm' on line 7250.
.................................................
.................................................
. LaTeX info: "xparse/define-command"
. 
. Defining command \DeclareSIPostPower with sig. 'mm' on line 7253.
.................................................
.................................................
. LaTeX info: "xparse/define-command"
. 
. Defining command \DeclareSIPrefix with sig. 'mmm' on line 7256.
.................................................
.................................................
. LaTeX info: "xparse/define-command"
. 
. Defining command \DeclareSIPrePower with sig. 'mm' on line 7259.
.................................................
.................................................
. LaTeX info: "xparse/define-command"
. 
. Defining command \DeclareSIQualifier with sig. 'mm' on line 7262.
.................................................
.................................................
. LaTeX info: "xparse/define-command"
. 
. Defining command \DeclareSIUnit with sig. 'O{}mm' on line 7265.
.................................................
.................................................
. LaTeX info: "xparse/define-command"
. 
. Defining command \DeclareSIUnitWithOptions with sig. 'mmm' on line 7268.
.................................................
.................................................
. LaTeX info: "xparse/define-command"
. 
. Defining command \ang with sig. 'o>{\SplitArgument {2}{;}}m' on line 7283.
.................................................
.................................................
. LaTeX info: "xparse/define-command"
. 
. Defining command \num with sig. 'om' on line 7292.
.................................................
.................................................
. LaTeX info: "xparse/define-command"
. 
. Defining command \numlist with sig. 'o>{\SplitList {;}}m' on line 7301.
.................................................
.................................................
. LaTeX info: "xparse/define-command"
. 
. Defining command \numrange with sig. 'omm' on line 7310.
.................................................
.................................................
. LaTeX info: "xparse/define-command"
. 
. Defining command \SIlist with sig. 'o>{\SplitList {;}}mm' on line 7322.
.................................................
.................................................
. LaTeX info: "xparse/define-command"
. 
. Defining command \SIrange with sig. 'ommm' on line 7334.
.................................................
.................................................
. LaTeX info: "xparse/define-command"
. 
. Defining command \SI with sig. 'omom' on line 7346.
.................................................
.................................................
. LaTeX info: "xparse/define-command"
. 
. Defining command \sisetup with sig. 'm' on line 7349.
.................................................
.................................................
. LaTeX info: "xparse/define-command"
. 
. Defining command \tablenum with sig. 'om' on line 7364.
.................................................
.................................................
. LaTeX info: "xparse/define-command"
. 
. Defining command \si with sig. 'om' on line 7376.
.................................................
.................................................
. LaTeX info: "xparse/define-command"
. 
. Defining command \numInBookmark with sig. 'om' on line 7423.
.................................................
.................................................
. LaTeX info: "xparse/define-command"
. 
. Defining command \numrangeInBookmark with sig. 'omm' on line 7425.
.................................................
.................................................
. LaTeX info: "xparse/define-command"
. 
. Defining command \SIInBookmark with sig. 'omom' on line 7427.
.................................................
.................................................
. LaTeX info: "xparse/define-command"
. 
. Defining command \SIlistInBookmark with sig. 'omm' on line 7429.
.................................................
.................................................
. LaTeX info: "xparse/define-command"
. 
. Defining command \SIrangeInBookmark with sig. 'ommm' on line 7431.
.................................................
.................................................
. LaTeX info: "xparse/define-command"
. 
. Defining command \siInBookmark with sig. 'om' on line 7432.
.................................................
\g__file_internal_ior=\read1

(/usr/share/texlive/texmf-dist/tex/latex/translator/translator.sty
Package: translator 2018/01/04 v1.12 Easy translation of strings in LaTeX
))
(/usr/share/texlive/texmf-dist/tex/latex/xcolor/xcolor.sty
Package: xcolor 2016/05/11 v2.12 LaTeX color extensions (UK)

(/usr/share/texlive/texmf-dist/tex/latex/graphics-cfg/color.cfg
File: color.cfg 2016/01/02 v1.6 sample color configuration
)
Package xcolor Info: Driver file: pdftex.def on input line 225.
Package xcolor Info: Model `cmy' substituted by `cmy0' on input line 1348.
Package xcolor Info: Model `hsb' substituted by `rgb' on input line 1352.
Package xcolor Info: Model `RGB' extended on input line 1364.
Package xcolor Info: Model `HTML' substituted by `rgb' on input line 1366.
Package xcolor Info: Model `Hsb' substituted by `hsb' on input line 1367.
Package xcolor Info: Model `tHsb' substituted by `hsb' on input line 1368.
Package xcolor Info: Model `HSB' substituted by `hsb' on input line 1369.
Package xcolor Info: Model `Gray' substituted by `gray' on input line 1370.
Package xcolor Info: Model `wave' substituted by `hsb' on input line 1371.
)
(/usr/share/texlive/texmf-dist/tex/latex/soul/soul.sty
Package: soul 2003/11/17 v2.4 letterspacing/underlining (mf)
\SOUL@word=\toks24
\SOUL@lasttoken=\toks25
\SOUL@cmds=\toks26
\SOUL@buffer=\toks27
\SOUL@token=\toks28
\SOUL@spaceskip=\skip61
\SOUL@ttwidth=\dimen158
\SOUL@uldp=\dimen159
\SOUL@ulht=\dimen160
)
(/usr/share/texlive/texmf-dist/tex/latex/caption/caption.sty
Package: caption 2016/02/21 v3.3-144 Customizing captions (AR)

(/usr/share/texlive/texmf-dist/tex/latex/caption/caption3.sty
Package: caption3 2016/05/22 v1.7-166 caption3 kernel (AR)
Package caption3 Info: TeX engine: e-TeX on input line 67.
\captionmargin=\dimen161
\captionmargin@=\dimen162
\captionwidth=\dimen163
\caption@tempdima=\dimen164
\caption@indent=\dimen165
\caption@parindent=\dimen166
\caption@hangindent=\dimen167
Package caption Info: Unknown document class (or package),
(caption)             standard defaults will be used.
)

Package caption Warning: Unsupported document class (or package) detected,
(caption)                usage of the caption package is not recommended.
See the caption package documentation for explanation.

Package caption Info: \@makecaption = \long macro:#1#2->\par \vskip \abovecapti
onskip \begingroup \small \rmfamily \sbox \@tempboxa {\let \\\heading@cr \@make
@capt@title {#1}{#2}}\@ifdim {\wd \@tempboxa >\hsize }{\begingroup \samepage \f
lushing \let \footnote \@footnotemark@gobble \@make@capt@title {#1}{#2}\par \en
dgroup }{\global \@minipagefalse \hb@xt@ \hsize {\hfil \unhbox \@tempboxa \hfil
 }}\endgroup \vskip \belowcaptionskip .
\c@ContinuedFloat=\count279
) (/usr/share/texlive/texmf-dist/tex/latex/subfiles/subfiles.sty
Package: subfiles 2012/05/23 Federico Garcia

(/usr/share/texlive/texmf-dist/tex/latex/tools/verbatim.sty
Package: verbatim 2014/10/28 v1.5q LaTeX2e package for verbatim enhancements
\every@verbatim=\toks29
\verbatim@line=\toks30
\verbatim@in@stream=\read2
))
Class revtex4-2 Info: Unrecognized array package. Please update this document c
lass! (Proceeding with fingers crossed.) on input line 62.
Class revtex4-2 Info: Robustifying \LaTeX's \boldmath command on input line 62.

Class revtex4-2 Info: cite was not loaded (OK!) on input line 62.
Class revtex4-2 Info: mcite was not loaded (OK!) on input line 62.
Class revtex4-2 Info: multicol was not loaded (OK!) on input line 62.

(/home/jim/Documents/Dissertation/JHDissertation/DissertationPackageToying.aux

LaTeX Warning: Label `fig:1' multiply defined.


LaTeX Warning: Label `fig:2' multiply defined.


LaTeX Warning: Label `fig:3' multiply defined.


LaTeX Warning: Label `fig:4' multiply defined.


Package natbib Warning: Citation `Caldwell:14' multiply defined.


Package natbib Warning: Citation `Ricker:43' multiply defined.


Package natbib Warning: Citation `Merewether:80' multiply defined.


Package natbib Warning: Citation `Gvozdic:17' multiply defined.


Package natbib Warning: Citation `Sacks:95' multiply defined.


Package natbib Warning: Citation `Rumpf:20' multiply defined.


Package natbib Warning: Citation `Kumar:15' multiply defined.


Package natbib Warning: Citation `Jiang:18' multiply defined.


Package natbib Warning: Citation `Ciesielski:18' multiply defined.


Package natbib Warning: Citation `Sullivan:96' multiply defined.


Package natbib Warning: Citation `Sullivan:13' multiply defined.


Package natbib Warning: Citation `MacLeod:01' multiply defined.


Package natbib Warning: Citation `Wan:16' multiply defined.


Package natbib Warning: Citation `peakfinding' multiply defined.


Package natbib Warning: Citation `Wood:1902' multiply defined.


Package natbib Warning: Citation `Rayleigh:1907' multiply defined.


Package natbib Warning: Citation `Gao:2009' multiply defined.


Package natbib Warning: Citation `Klein:2014' multiply defined.


Package natbib Warning: Citation `Dai:14' multiply defined.


Package natbib Warning: Citation `Note1' multiply defined.


Package natbib Warning: Citation `Tolpygo:50' multiply defined.


Package natbib Warning: Citation `Huang:51' multiply defined.


Package natbib Warning: Citation `Huber:08' multiply defined.


Package natbib Warning: Citation `Barnes:03' multiply defined.


Package natbib Warning: Citation `Ritchie:57' multiply defined.


Package natbib Warning: Citation `Pines:52' multiply defined.


Package natbib Warning: Citation `Pendry:99' multiply defined.


Package natbib Warning: Citation `Silva:12' multiply defined.


Package natbib Warning: Citation `Fang:05' multiply defined.


Package natbib Warning: Citation `Kneipp:97' multiply defined.


Package natbib Warning: Citation `Talley:05' multiply defined.


Package natbib Warning: Citation `Rodrigo:15' multiply defined.


Package natbib Warning: Citation `Fali:19' multiply defined.


Package natbib Warning: Citation `Chang:06' multiply defined.


Package natbib Warning: Citation `Gonzalez-Tudela:11' multiply defined.


Package natbib Warning: Citation `Bhimanapati:15' multiply defined.


Package natbib Warning: Citation `Koppens:11' multiply defined.


Package natbib Warning: Citation `Biehs:12' multiply defined.


Package natbib Warning: Citation `Guo:12' multiply defined.


Package natbib Warning: Citation `Cortes:12' multiply defined.


Package natbib Warning: Citation `Bonaccorso:10' multiply defined.


Package natbib Warning: Citation `Jacob:12' multiply defined.


Package natbib Warning: Citation `Liu:07' multiply defined.


Package natbib Warning: Citation `Kretinin:14' multiply defined.


Package natbib Warning: Citation `Dean:10' multiply defined.


Package natbib Warning: Citation `Dean:13' multiply defined.


Package natbib Warning: Citation `Hunt:13' multiply defined.


Package natbib Warning: Citation `Yu:14' multiply defined.


Package natbib Warning: Citation `Haldane:08' multiply defined.


Package natbib Warning: Citation `Raghu:08' multiply defined.


Package natbib Warning: Citation `Chen:19' multiply defined.


Package natbib Warning: Citation `Chen:20' multiply defined.


Package natbib Warning: Citation `Novoselov:16' multiply defined.


Package natbib Warning: Citation `Geim:13' multiply defined.


Package natbib Warning: Citation `Woessner:15' multiply defined.


Package natbib Warning: Citation `Zhao:17' multiply defined.


Package natbib Warning: Citation `Yang:20' multiply defined.


Package natbib Warning: Citation `Alfaro-Mozaz:17' multiply defined.


Package natbib Warning: Citation `Autore:18' multiply defined.


Package natbib Warning: Citation `Folland:18' multiply defined.


Package natbib Warning: Citation `Cheng:15' multiply defined.


Package natbib Warning: Citation `Kane:66' multiply defined.


Package natbib Warning: Citation `Taflove:05' multiply defined.


Package natbib Warning: Citation `PGI:20' multiply defined.


Package natbib Warning: Citation `Palik:85' multiply defined.


Package natbib Warning: Citation `Sakurai:17' multiply defined.


Package natbib Warning: Citation `Note2' multiply defined.


LaTeX Warning: Label `LastBibItem' multiply defined.


LaTeX Warning: Label `fig:5' multiply defined.

)
\openout1 = `DissertationPackageToying.aux'.

LaTeX Font Info:    Checking defaults for OML/cmm/m/it on input line 62.
LaTeX Font Info:    ... okay on input line 62.
LaTeX Font Info:    Checking defaults for T1/cmr/m/n on input line 62.
LaTeX Font Info:    ... okay on input line 62.
LaTeX Font Info:    Checking defaults for OT1/cmr/m/n on input line 62.
LaTeX Font Info:    ... okay on input line 62.
LaTeX Font Info:    Checking defaults for OMS/cmsy/m/n on input line 62.
LaTeX Font Info:    ... okay on input line 62.
LaTeX Font Info:    Checking defaults for OMX/cmex/m/n on input line 62.
LaTeX Font Info:    ... okay on input line 62.
LaTeX Font Info:    Checking defaults for U/cmr/m/n on input line 62.
LaTeX Font Info:    ... okay on input line 62.
 (/usr/share/texlive/texmf-dist/tex/context/base/mkii/supp-pdf.mkii
[Loading MPS to PDF converter (version 2006.09.02).]
\scratchcounter=\count280
\scratchdimen=\dimen168
\scratchbox=\box66
\nofMPsegments=\count281
\nofMParguments=\count282
\everyMPshowfont=\toks31
\MPscratchCnt=\count283
\MPscratchDim=\dimen169
\MPnumerator=\count284
\makeMPintoPDFobject=\count285
\everyMPtoPDFconversion=\toks32
) (/usr/share/texlive/texmf-dist/tex/latex/oberdiek/epstopdf-base.sty
Package: epstopdf-base 2016/05/15 v2.6 Base part for package epstopdf

(/usr/share/texlive/texmf-dist/tex/generic/oberdiek/infwarerr.sty
Package: infwarerr 2016/05/16 v1.4 Providing info/warning/error messages (HO)
)
(/usr/share/texlive/texmf-dist/tex/latex/oberdiek/grfext.sty
Package: grfext 2016/05/16 v1.2 Manage graphics extensions (HO)

(/usr/share/texlive/texmf-dist/tex/generic/oberdiek/kvdefinekeys.sty
Package: kvdefinekeys 2016/05/16 v1.4 Define keys (HO)

(/usr/share/texlive/texmf-dist/tex/generic/oberdiek/ltxcmds.sty
Package: ltxcmds 2016/05/16 v1.23 LaTeX kernel commands for general use (HO)
)))
(/usr/share/texlive/texmf-dist/tex/latex/oberdiek/kvoptions.sty
Package: kvoptions 2016/05/16 v3.12 Key value format for package options (HO)

(/usr/share/texlive/texmf-dist/tex/generic/oberdiek/kvsetkeys.sty
Package: kvsetkeys 2016/05/16 v1.17 Key value parser (HO)

(/usr/share/texlive/texmf-dist/tex/generic/oberdiek/etexcmds.sty
Package: etexcmds 2016/05/16 v1.6 Avoid name clashes with e-TeX commands (HO)

(/usr/share/texlive/texmf-dist/tex/generic/oberdiek/ifluatex.sty
Package: ifluatex 2016/05/16 v1.4 Provides the ifluatex switch (HO)
Package ifluatex Info: LuaTeX not detected.
)
Package etexcmds Info: Could not find \expanded.
(etexcmds)             That can mean that you are not using pdfTeX 1.50 or
(etexcmds)             that some package has redefined \expanded.
(etexcmds)             In the latter case, load this package earlier.
)))
(/usr/share/texlive/texmf-dist/tex/generic/oberdiek/pdftexcmds.sty
Package: pdftexcmds 2018/01/21 v0.26 Utility functions of pdfTeX for LuaTeX (HO
)

(/usr/share/texlive/texmf-dist/tex/generic/oberdiek/ifpdf.sty
Package: ifpdf 2017/03/15 v3.2 Provides the ifpdf switch
)
Package pdftexcmds Info: LuaTeX not detected.
Package pdftexcmds Info: \pdf@primitive is available.
Package pdftexcmds Info: \pdf@ifprimitive is available.
Package pdftexcmds Info: \pdfdraftmode found.
)
Package epstopdf-base Info: Redefining graphics rule for `.eps' on input line 4
38.
Package grfext Info: Graphics extension search list:
(grfext)             [.pdf,.png,.jpg,.mps,.jpeg,.jbig2,.jb2,.PDF,.PNG,.JPG,.JPE
G,.JBIG2,.JB2,.eps]
(grfext)             \AppendGraphicsExtensions on input line 456.

(/usr/share/texlive/texmf-dist/tex/latex/latexconfig/epstopdf-sys.cfg
File: epstopdf-sys.cfg 2010/07/13 v1.3 Configuration of (r)epstopdf for TeX Liv
e
))
(/usr/share/texlive/texmf-dist/tex/latex/translator/translator-basic-dictionary
-English.dict
Dictionary: translator-basic-dictionary, Language: English 
)
(/usr/share/texlive/texmf-dist/tex/latex/siunitx/siunitx-abbreviations.cfg
File: siunitx-abbreviations.cfg 2017/11/26 v2.7k siunitx: Abbreviated units
)
Package caption Info: Begin \AtBeginDocument code.
Package caption Info: End \AtBeginDocument code.
\openout3 = `DissertationPackageToyingNotes.bib'.

\c__siunitx_mathsf_int=\count286
LaTeX Font Info:    Try loading font information for U+msa on input line 62.

(/usr/share/texlive/texmf-dist/tex/latex/amsfonts/umsa.fd
File: umsa.fd 2013/01/14 v3.01 AMS symbols A
)
LaTeX Font Info:    Try loading font information for U+msb on input line 62.

(/usr/share/texlive/texmf-dist/tex/latex/amsfonts/umsb.fd
File: umsb.fd 2013/01/14 v3.01 AMS symbols B
)
\c__siunitx_mathtt_int=\count287

(/home/jim/Documents/Dissertation/JHDissertation/abstract.tex) [1{/var/lib/texm
f/fonts/map/pdftex/updmap/pdftex.map}]
LaTeX Font Info:    Try loading font information for OMS+cmr on input line 105.


(/usr/share/texlive/texmf-dist/tex/latex/base/omscmr.fd
File: omscmr.fd 2014/09/29 v2.5h Standard LaTeX font definitions
)
LaTeX Font Info:    Font shape `OMS/cmr/m/n' in size <10> not available
(Font)              Font shape `OMS/cmsy/m/n' tried instead on input line 105.

Overfull \hbox (43.72232pt too wide) in paragraph at lines 126--126
 []| []\OT1/cmr/m/n/10 William 
 []


Overfull \hbox (33.72226pt too wide) in paragraph at lines 129--129
 []| []\OT1/cmr/m/n/10 Heinz 
 []


Overfull \hbox (42.88895pt too wide) in paragraph at lines 130--130
 []| []\OT1/cmr/m/n/10 Micheal 
 []

(/home/jim/Documents/Dissertation/JHDissertation/DissertationPackageToying.toc
[2])
\tf@toc=\write4
\openout4 = `DissertationPackageToying.toc'.


(/home/jim/Documents/Dissertation/JHDissertation/DissertationPackageToying.lot)
\tf@lot=\write5
\openout5 = `DissertationPackageToying.lot'.

(/home/jim/Documents/Dissertation/JHDissertation/DissertationPackageToying.lof
LaTeX Font Info:    Try loading font information for TS1+cmr on input line 2.

(/usr/share/texlive/texmf-dist/tex/latex/base/ts1cmr.fd
File: ts1cmr.fd 2014/09/29 v2.5h Standard LaTeX font definitions
) [3])
\tf@lof=\write6
\openout6 = `DissertationPackageToying.lof'.

 [1]
(/home/jim/Documents/Dissertation/JHDissertation/Chapter2.tex
Underfull \hbox (badness 2035) in paragraph at lines 5--6
\OT1/cmr/m/n/10 per-formed us-ing the Finite-Difference Time-Domain
 []

Missing character: There is no ‚ in font cmr10!
Missing character: There is no Ä in font cmr10!
Missing character: There is no ú in font cmr10!
Missing character: There is no ‚ in font cmr10!
Missing character: There is no Ä in font cmr10!
Missing character: There is no ù in font cmr10!

Overfull \hbox (187.21281pt too wide) in alignment at lines 15--22
[] []
 []


Overfull \hbox (189.77074pt too wide) detected at line 30
[]
 []


LaTeX Font Warning: Font shape `OT1/cmss/bx/it' undefined
(Font)              using `OT1/cmss/bx/n' instead on input line 40.

[2]
<Figures/CaldTMFDTD_hBN.png, id=32, 1084.05pt x 650.43pt>
File: Figures/CaldTMFDTD_hBN.png Graphic file (type png)
<use Figures/CaldTMFDTD_hBN.png>
Package pdftex.def Info: Figures/CaldTMFDTD_hBN.png  used on input line 66.
(pdftex.def)             Requested size: 229.49844pt x 137.69597pt.
 [3 </home/jim/Documents/Dissertation/JHDissertation/Figures/CaldTMFDTD_hBN.png
>]) (/home/jim/Documents/Dissertation/JHDissertation/Chapter3.tex

! LaTeX Error: Can be used only in preamble.

See the LaTeX manual or LaTeX Companion for explanation.
Type  H <return>  for immediate help.
 ...                                              
                                                  
l.8 \usepackage
               {graphicx}
Your command was ignored.
Type  I <command> <return>  to replace it with another command,
or  <return>  to continue without it.


! LaTeX Error: Can be used only in preamble.

See the LaTeX manual or LaTeX Companion for explanation.
Type  H <return>  for immediate help.
 ...                                              
                                                  
l.9 \usepackage
               {dcolumn}
Your command was ignored.
Type  I <command> <return>  to replace it with another command,
or  <return>  to continue without it.


! LaTeX Error: Can be used only in preamble.

See the LaTeX manual or LaTeX Companion for explanation.
Type  H <return>  for immediate help.
 ...                                              
                                                  
l.10 \usepackage
                {bm}
Your command was ignored.
Type  I <command> <return>  to replace it with another command,
or  <return>  to continue without it.


! LaTeX Error: Can be used only in preamble.

See the LaTeX manual or LaTeX Companion for explanation.
Type  H <return>  for immediate help.
 ...                                              
                                                  
l.11 \usepackage
                {siunitx}
Your command was ignored.
Type  I <command> <return>  to replace it with another command,
or  <return>  to continue without it.


! LaTeX Error: Can be used only in preamble.

See the LaTeX manual or LaTeX Companion for explanation.
Type  H <return>  for immediate help.
 ...                                              
                                                  
l.12 \usepackage
                {xcolor, soul}
Your command was ignored.
Type  I <command> <return>  to replace it with another command,
or  <return>  to continue without it.

[4]

pdfTeX warning: pdflatex (file /home/jim/Documents/Dissertation/JHDissertation/
Figures/Fig1.pdf): PDF inclusion: found PDF version <1.7>, but at most version 
<1.5> allowed
<Figures/Fig1.pdf, id=44, 963.6pt x 542.025pt>
File: Figures/Fig1.pdf Graphic file (type pdf)
<use Figures/Fig1.pdf>
Package pdftex.def Info: Figures/Fig1.pdf  used on input line 33.
(pdftex.def)             Requested size: 458.99689pt x 258.18408pt.
[5]
<Figures/Fig2.pdf, id=48, 1084.05pt x 1734.48pt>
File: Figures/Fig2.pdf Graphic file (type pdf)
<use Figures/Fig2.pdf>
Package pdftex.def Info: Figures/Fig2.pdf  used on input line 57.
(pdftex.def)             Requested size: 229.49844pt x 367.18929pt.
<Figures/Fig3.pdf, id=49, 1300.86pt x 1156.32pt>
File: Figures/Fig3.pdf Graphic file (type pdf)
<use Figures/Fig3.pdf>
Package pdftex.def Info: Figures/Fig3.pdf  used on input line 65.
(pdftex.def)             Requested size: 249.9028pt x 222.13795pt.

Overfull \hbox (3.9028pt too wide) in paragraph at lines 65--66
 [][] 
 []

[6 </home/jim/Documents/Dissertation/JHDissertation/Figures/Fig1.pdf>]

LaTeX Warning: A float is stuck (cannot be placed) on input line 74.


LaTeX Warning: A float is stuck (cannot be placed) on input line 74.


Class revtex4-2 Warning: Deferred float stuck during \clearpage processing.

[7 </home/jim/Documents/Dissertation/JHDissertation/Figures/Fig2.pdf> </home/ji
m/Documents/Dissertation/JHDissertation/Figures/Fig3.pdf

pdfTeX warning: pdflatex (file /home/jim/Documents/Dissertation/JHDissertation/
Figures/Fig3.pdf): PDF inclusion: multiple pdfs with page group included in a s
ingle page
>]
Underfull \hbox (badness 1466) in paragraph at lines 77--78
[]\OT1/cmr/m/n/10 Two no-table dif-fer-ences be-tween the be-hav-ior of
 []

<Figures/Fig4.pdf, id=178, 1806.75pt x 1951.29pt>
File: Figures/Fig4.pdf Graphic file (type pdf)
<use Figures/Fig4.pdf>
Package pdftex.def Info: Figures/Fig4.pdf  used on input line 80.
(pdftex.def)             Requested size: 249.9028pt x 269.8738pt.

Overfull \hbox (3.9028pt too wide) in paragraph at lines 80--81
 [][] 
 []

<Figures/Fig5.pdf, id=179, 1300.86pt x 1156.32pt>
File: Figures/Fig5.pdf Graphic file (type pdf)
<use Figures/Fig5.pdf>
Package pdftex.def Info: Figures/Fig5.pdf  used on input line 89.
(pdftex.def)             Requested size: 249.9028pt x 222.13795pt.

Overfull \hbox (3.9028pt too wide) in paragraph at lines 89--90
 [][] 
 []

[8 </home/jim/Documents/Dissertation/JHDissertation/Figures/Fig4.pdf>]

LaTeX Warning: A float is stuck (cannot be placed) on input line 98.


LaTeX Warning: A float is stuck (cannot be placed) on input line 98.


Class revtex4-2 Warning: Deferred float stuck during \clearpage processing.


Underfull \hbox (badness 1275) in paragraph at lines 104--106
\OT1/cmr/m/n/10 com-po-nents of the hBN di-elec-tric ten-sor, $\OML/cmm/b/it/10
 "[]\OT1/cmr/m/n/10 (\OML/cmm/m/it/10 !\OT1/cmr/m/n/10 )$.
 []

(/home/jim/Documents/Dissertation/JHDissertation/DissertationPackageToying.bbl
Missing character: There is no ‚ in font cmr8!
Missing character: There is no Ä in font cmr8!
Missing character: There is no ì in font cmr8!
Missing character: There is no ‚ in font cmr8!
Missing character: There is no Ä in font cmr8!
Missing character: There is no ì in font cmr8!
Missing character: There is no √ in font cmr8!
Missing character: There is no ≥ in font cmr8!
Missing character: There is no ≈ in font cmr8!
Missing character: There is no Ç in font cmr8!
Missing character: There is no ‚ in font cmr8!
Missing character: There is no Ä in font cmr8!
Missing character: There is no ì in font cmr8!
Missing character: There is no ‚ in font cmr8!
Missing character: There is no Ä in font cmr8!
Missing character: There is no ì in font cmr8!
Missing character: There is no ‚ in font cmr8!
Missing character: There is no Ä in font cmr8!
Missing character: There is no ì in font cmr8!

[9 </home/jim/Documents/Dissertation/JHDissertation/Figures/Fig5.pdf>]
Missing character: There is no ‚ in font cmr8!
Missing character: There is no Ä in font cmr8!
Missing character: There is no ì in font cmr8!

Underfull \hbox (badness 5475) in paragraph at lines 159--162
 []\OT1/cmr/m/n/8 John Pendry.  Play-ing tricks with light.  \OT1/cmr/m/it/8 Sc
i-ence\OT1/cmr/m/n/8 ,
 []

Missing character: There is no √ in font cmr8!
Missing character: There is no ¢ in font cmr8!
Missing character: There is no √ in font cmr8!
Missing character: There is no ™ in font cmr8!
Missing character: There is no √ in font cmr8!
Missing character: There is no ≠ in font cmr8!

Underfull \hbox (badness 1406) in paragraph at lines 190--194
 []\OT1/cmr/m/n/8 Daniel Ro-drigo, Odeta Li-maj, Da-vide Jan-ner, Dor-daneh
 []

Missing character: There is no √ in font cmr8!
Missing character: There is no ∏ in font cmr8!
Missing character: There is no √ in font cmr8!
Missing character: There is no ∏ in font cmr8!

Underfull \hbox (badness 1527) in paragraph at lines 204--207
 []\OT1/cmr/m/n/8 DE Chang, An-ders Snd-berg Srensen, PR Hem-mer, and
 []

Missing character: There is no ‚ in font cmr8!
Missing character: There is no Ä in font cmr8!
Missing character: There is no ì in font cmr8!
Missing character: There is no ‚ in font cmr8!
Missing character: There is no Ä in font cmr8!
Missing character: There is no ô in font cmr8!
Missing character: There is no √ in font cmr8!
Missing character: There is no © in font cmr8!
Missing character: There is no ‚ in font cmr8!
Missing character: There is no Ä in font cmr8!
Missing character: There is no ô in font cmr8!
Missing character: There is no √ in font cmr8!
Missing character: There is no © in font cmr8!
Missing character: There is no √ in font cmr8!
Missing character: There is no © in font cmr8!
Missing character: There is no √ in font cmr8!
Missing character: There is no ° in font cmr8!
Missing character: There is no ‚ in font cmr8!
Missing character: There is no Ä in font cmr8!
Missing character: There is no ì in font cmr8!
[10]
Underfull \hbox (badness 2521) in paragraph at lines 354--360
 []\OT1/cmr/m/n/8 Jiong Yang, Mo-han-nad Mayyas, Jianbo Tang, Mo-ham-
 []

Missing character: There is no √ in font cmr8!
Missing character: There is no ° in font cmr8!
Missing character: There is no √ in font cmr8!
Missing character: There is no © in font cmr8!
Missing character: There is no √ in font cmr8!
Missing character: There is no ® in font cmr8!
Missing character: There is no √ in font cmr8!
Missing character: There is no ° in font cmr8!
Missing character: There is no √ in font cmr8!
Missing character: There is no º in font cmr8!
Missing character: There is no √ in font cmr8!
Missing character: There is no © in font cmr8!

Underfull \hbox (badness 1253) in paragraph at lines 370--377
 \OT1/cmr/m/n/8 Mozaz, Ruben Es-te-ban, Ain-hoa Atx-a-bal, Flix Casanova,
 []


Underfull \hbox (badness 2564) in paragraph at lines 370--377
 \OT1/cmr/m/n/8 Luis E. Hueso, Pablo Alonso-Gonzlez, Javier Aizpu-rua,
 []

))
Missing character: There is no ‚ in font cmr10!
Missing character: There is no Ä in font cmr10!
Missing character: There is no ô in font cmr10!
Missing character: There is no ‚ in font cmr10!
Missing character: There is no Ä in font cmr10!
Missing character: There is no ô in font cmr10!
Missing character: There is no ‚ in font cmr10!
Missing character: There is no Ä in font cmr10!
Missing character: There is no ô in font cmr10!
Missing character: There is no ‚ in font cmr10!
Missing character: There is no Ä in font cmr10!
Missing character: There is no ô in font cmr10!
Missing character: There is no ‚ in font cmr10!
Missing character: There is no Ä in font cmr10!
Missing character: There is no ô in font cmr10!
Missing character: There is no ‚ in font cmr10!
Missing character: There is no Ä in font cmr10!
Missing character: There is no ô in font cmr10!
 [11]
Underfull \hbox (badness 1286) in paragraph at lines 206--207
\OT1/cmr/m/n/10 house Finite-Difference Time-Domain (FDTD) code.
 []

<FiguresCh4/StructurehBNAgHex.png, id=397, 963.6pt x 542.025pt>
File: FiguresCh4/StructurehBNAgHex.png Graphic file (type png)
<use FiguresCh4/StructurehBNAgHex.png>
Package pdftex.def Info: FiguresCh4/StructurehBNAgHex.png  used on input line 2
17.
(pdftex.def)             Requested size: 458.99689pt x 258.18408pt.

Overfull \hbox (212.99689pt too wide) in paragraph at lines 217--218
 [][] 
 []

[12 </home/jim/Documents/Dissertation/JHDissertation/FiguresCh4/StructurehBNAgH
ex.png>]
Missing character: There is no ‚ in font cmr10!
Missing character: There is no Ä in font cmr10!
Missing character: There is no ô in font cmr10!

Underfull \hbox (badness 10000) in paragraph at lines 241--243

 []


Underfull \hbox (badness 3179) in paragraph at lines 244--246
\OT1/cmr/m/n/10 de-pen-dence on the lon-gi-tu-di-nal op-ti-cal (LO) and
 []


Underfull \hbox (badness 10000) in paragraph at lines 244--246

 []

<Mar5DisserrtationPics/Fig2.png, id=402, 1300.86pt x 2168.1pt>
File: Mar5DisserrtationPics/Fig2.png Graphic file (type png)
<use Mar5DisserrtationPics/Fig2.png>
Package pdftex.def Info: Mar5DisserrtationPics/Fig2.png  used on input line 248
.
(pdftex.def)             Requested size: 255.0pt x 424.9778pt.

Overfull \hbox (9.0pt too wide) in paragraph at lines 248--249
 [][] 
 []

Missing character: There is no ‚ in font cmr10!
Missing character: There is no Ä in font cmr10!
Missing character: There is no ì in font cmr10!

Underfull \hbox (badness 1072) in paragraph at lines 254--256
\OT1/cmr/m/n/10 in the FDTD sim-u-la-tions us-ing the afore-men-tioned
 []


Underfull \hbox (badness 1210) in paragraph at lines 254--256
\OT1/cmr/m/n/10 and trans-mit-ted field data while a sep-a-rate sen-sor
 []


Underfull \hbox (badness 1270) in paragraph at lines 254--256
\OT1/cmr/m/n/10 within the TFSF source func-tion recorded in-ci-dent
 []


Underfull \hbox (badness 10000) in paragraph at lines 254--256

 []

<Mar5DisserrtationPics/Fig3.png, id=403, 1300.86pt x 2384.91pt>
File: Mar5DisserrtationPics/Fig3.png Graphic file (type png)
<use Mar5DisserrtationPics/Fig3.png>
Package pdftex.def Info: Mar5DisserrtationPics/Fig3.png  used on input line 258
.
(pdftex.def)             Requested size: 255.0pt x 467.47557pt.

Overfull \hbox (9.0pt too wide) in paragraph at lines 258--259
 [][] 
 []

[13]

LaTeX Warning: A float is stuck (cannot be placed) on input line 265.


LaTeX Warning: A float is stuck (cannot be placed) on input line 265.


Class revtex4-2 Warning: Deferred float stuck during \clearpage processing.

[14 </home/jim/Documents/Dissertation/JHDissertation/Mar5DisserrtationPics/Fig2
.png> </home/jim/Documents/Dissertation/JHDissertation/Mar5DisserrtationPics/Fi
g3.png>]
<Mar5DisserrtationPics/Fig4.png, id=412, 1734.48pt x 867.24pt>
File: Mar5DisserrtationPics/Fig4.png Graphic file (type png)
<use Mar5DisserrtationPics/Fig4.png>
Package pdftex.def Info: Mar5DisserrtationPics/Fig4.png  used on input line 267
.
(pdftex.def)             Requested size: 484.49844pt x 242.24329pt.

Overfull \hbox (238.49844pt too wide) in paragraph at lines 267--268
 [][] 
 []

Missing character: There is no ‚ in font cmr10!
Missing character: There is no Ä in font cmr10!
Missing character: There is no ì in font cmr10!
Missing character: There is no ‚ in font cmr10!
Missing character: There is no Ä in font cmr10!
Missing character: There is no ì in font cmr10!
Missing character: There is no ‚ in font cmr10!
Missing character: There is no Ä in font cmr10!
Missing character: There is no ì in font cmr10!
Missing character: There is no ‚ in font cmr10!
Missing character: There is no Ä in font cmr10!
Missing character: There is no ì in font cmr10!
Missing character: There is no ‚ in font cmr10!
Missing character: There is no Ä in font cmr10!
Missing character: There is no ì in font cmr10!
[15 </home/jim/Documents/Dissertation/JHDissertation/Mar5DisserrtationPics/Fig4
.png>]
<FiguresCh4/Fig5.png, id=417, 521.22pt x 542.025pt>
File: FiguresCh4/Fig5.png Graphic file (type png)
<use FiguresCh4/Fig5.png>
Package pdftex.def Info: FiguresCh4/Fig5.png  used on input line 280.
(pdftex.def)             Requested size: 510.0pt x 530.38689pt.

Overfull \hbox (264.0pt too wide) in paragraph at lines 280--281
 [][] 
 []


LaTeX Warning: Float too large for page by 16.38686pt on input line 284.

<Mar5DisserrtationPics/Fig6Together.png, id=418, 399.4122pt x 527.571pt>
File: Mar5DisserrtationPics/Fig6Together.png Graphic file (type png)
<use Mar5DisserrtationPics/Fig6Together.png>
Package pdftex.def Info: Mar5DisserrtationPics/Fig6Together.png  used on input 
line 287.
(pdftex.def)             Requested size: 408.00156pt x 538.92032pt.

Overfull \hbox (162.00156pt too wide) in paragraph at lines 287--288
 [][] 
 []


LaTeX Warning: Float too large for page by 59.42029pt on input line 291.

Missing character: There is no ‚ in font cmr10!
Missing character: There is no Ä in font cmr10!
Missing character: There is no ì in font cmr10!
[16]

LaTeX Warning: A float is stuck (cannot be placed) on input line 317.


LaTeX Warning: A float is stuck (cannot be placed) on input line 317.


Class revtex4-2 Warning: Deferred float stuck during \clearpage processing.

(/home/jim/Documents/Dissertation/JHDissertation/DissertationPackageToying.bbl
Missing character: There is no ‚ in font cmr8!
Missing character: There is no Ä in font cmr8!
Missing character: There is no ì in font cmr8!
Missing character: There is no ‚ in font cmr8!
Missing character: There is no Ä in font cmr8!
Missing character: There is no ì in font cmr8!
Missing character: There is no √ in font cmr8!
Missing character: There is no ≥ in font cmr8!
Missing character: There is no ≈ in font cmr8!
Missing character: There is no Ç in font cmr8!
Missing character: There is no ‚ in font cmr8!
Missing character: There is no Ä in font cmr8!
Missing character: There is no ì in font cmr8!
Missing character: There is no ‚ in font cmr8!
Missing character: There is no Ä in font cmr8!
Missing character: There is no ì in font cmr8!
Missing character: There is no ‚ in font cmr8!
Missing character: There is no Ä in font cmr8!
Missing character: There is no ì in font cmr8!
Missing character: There is no ‚ in font cmr8!
Missing character: There is no Ä in font cmr8!
Missing character: There is no ì in font cmr8!

Underfull \hbox (badness 5475) in paragraph at lines 159--162
 []\OT1/cmr/m/n/8 John Pendry.  Play-ing tricks with light.  \OT1/cmr/m/it/8 Sc
i-ence\OT1/cmr/m/n/8 ,
 []

Missing character: There is no √ in font cmr8!
Missing character: There is no ¢ in font cmr8!
Missing character: There is no √ in font cmr8!
Missing character: There is no ™ in font cmr8!
Missing character: There is no √ in font cmr8!
Missing character: There is no ≠ in font cmr8!

Underfull \hbox (badness 1406) in paragraph at lines 190--194
 []\OT1/cmr/m/n/8 Daniel Ro-drigo, Odeta Li-maj, Da-vide Jan-ner, Dor-daneh
 []

Missing character: There is no √ in font cmr8!
Missing character: There is no ∏ in font cmr8!
Missing character: There is no √ in font cmr8!
Missing character: There is no ∏ in font cmr8!

Underfull \hbox (badness 1527) in paragraph at lines 204--207
 []\OT1/cmr/m/n/8 DE Chang, An-ders Snd-berg Srensen, PR Hem-mer, and
 []

Missing character: There is no ‚ in font cmr8!
Missing character: There is no Ä in font cmr8!
Missing character: There is no ì in font cmr8!
[17]

LaTeX Warning: A float is stuck (cannot be placed) on input line 233.


LaTeX Warning: A float is stuck (cannot be placed) on input line 233.


Class revtex4-2 Warning: Deferred float stuck during \clearpage processing.

Missing character: There is no ‚ in font cmr8!
Missing character: There is no Ä in font cmr8!
Missing character: There is no ô in font cmr8!
Missing character: There is no √ in font cmr8!
Missing character: There is no © in font cmr8!
Missing character: There is no ‚ in font cmr8!
Missing character: There is no Ä in font cmr8!
Missing character: There is no ô in font cmr8!
Missing character: There is no √ in font cmr8!
Missing character: There is no © in font cmr8!
Missing character: There is no √ in font cmr8!
Missing character: There is no © in font cmr8!
Missing character: There is no √ in font cmr8!
Missing character: There is no ° in font cmr8!
Missing character: There is no ‚ in font cmr8!
Missing character: There is no Ä in font cmr8!
Missing character: There is no ì in font cmr8!

Underfull \hbox (badness 2521) in paragraph at lines 354--360
 []\OT1/cmr/m/n/8 Jiong Yang, Mo-han-nad Mayyas, Jianbo Tang, Mo-ham-
 []

Missing character: There is no √ in font cmr8!
Missing character: There is no ° in font cmr8!
Missing character: There is no √ in font cmr8!
Missing character: There is no © in font cmr8!
Missing character: There is no √ in font cmr8!
Missing character: There is no ® in font cmr8!
Missing character: There is no √ in font cmr8!
Missing character: There is no ° in font cmr8!
Missing character: There is no √ in font cmr8!
Missing character: There is no º in font cmr8!
Missing character: There is no √ in font cmr8!
Missing character: There is no © in font cmr8!

Underfull \hbox (badness 1253) in paragraph at lines 370--377
 \OT1/cmr/m/n/8 Mozaz, Ruben Es-te-ban, Ain-hoa Atx-a-bal, Flix Casanova,
 []


Underfull \hbox (badness 2564) in paragraph at lines 370--377
 \OT1/cmr/m/n/8 Luis E. Hueso, Pablo Alonso-Gonzlez, Javier Aizpu-rua,
 []

)

Package natbib Warning: There were multiply defined citations.

[18] [19 </home/jim/Documents/Dissertation/JHDissertation/FiguresCh4/Fig5.png>]
[20 </home/jim/Documents/Dissertation/JHDissertation/Mar5DisserrtationPics/Fig6
Together.png>]
(/home/jim/Documents/Dissertation/JHDissertation/DissertationPackageToying.aux)

LaTeX Font Warning: Some font shapes were not available, defaults substituted.


LaTeX Warning: There were multiply-defined labels.

 ) 
Here is how much of TeX's memory you used:
 16894 strings out of 492982
 327982 string characters out of 6134897
 407511 words of memory out of 5000000
 20289 multiletter control sequences out of 15000+600000
 540019 words of font info for 57 fonts, out of 8000000 for 9000
 1141 hyphenation exceptions out of 8191
 41i,16n,47p,10401b,1149s stack positions out of 5000i,500n,10000p,200000b,80000s
{/usr/share/texmf/fonts/enc/dvips/cm-super/cm-super-ts1.enc}</usr/share/texli
ve/texmf-dist/fonts/type1/public/amsfonts/cm/cmbx10.pfb></usr/share/texlive/tex
mf-dist/fonts/type1/public/amsfonts/cm/cmbxti10.pfb></usr/share/texlive/texmf-d
ist/fonts/type1/public/amsfonts/cm/cmcsc10.pfb></usr/share/texlive/texmf-dist/f
onts/type1/public/amsfonts/cm/cmex10.pfb></usr/share/texlive/texmf-dist/fonts/t
ype1/public/amsfonts/cm/cmmi10.pfb></usr/share/texlive/texmf-dist/fonts/type1/p
ublic/amsfonts/cm/cmmi5.pfb></usr/share/texlive/texmf-dist/fonts/type1/public/a
msfonts/cm/cmmi7.pfb></usr/share/texlive/texmf-dist/fonts/type1/public/amsfonts
/cm/cmmib10.pfb></usr/share/texlive/texmf-dist/fonts/type1/public/amsfonts/cm/c
mr10.pfb></usr/share/texlive/texmf-dist/fonts/type1/public/amsfonts/cm/cmr5.pfb
></usr/share/texlive/texmf-dist/fonts/type1/public/amsfonts/cm/cmr7.pfb></usr/s
hare/texlive/texmf-dist/fonts/type1/public/amsfonts/cm/cmr8.pfb></usr/share/tex
live/texmf-dist/fonts/type1/public/amsfonts/cm/cmssbx10.pfb></usr/share/texlive
/texmf-dist/fonts/type1/public/amsfonts/cm/cmsy10.pfb></usr/share/texlive/texmf
-dist/fonts/type1/public/amsfonts/cm/cmsy7.pfb></usr/share/texlive/texmf-dist/f
onts/type1/public/amsfonts/cm/cmti10.pfb></usr/share/texlive/texmf-dist/fonts/t
ype1/public/amsfonts/cm/cmti8.pfb></usr/share/texlive/texmf-dist/fonts/type1/pu
blic/amsfonts/symbols/msbm10.pfb></usr/share/texmf/fonts/type1/public/cm-super/
sfrm1000.pfb>
Output written on /home/jim/Documents/Dissertation/JHDissertation/DissertationP
ackageToying.pdf (23 pages, 6332933 bytes).
PDF statistics:
 499 PDF objects out of 1000 (max. 8388607)
 212 compressed objects within 3 object streams
 0 named destinations out of 1000 (max. 500000)
 61 words of extra memory for PDF output out of 10000 (max. 10000000)

